2012-11-25 23:00:06,987 -- INFO  -- main      -- org.sweble.wikitext.articlecruncher.Nexus -- Nexus starting
2012-11-25 23:00:06,994 -- INFO  -- main      -- org.sweble.wikitext.articlecruncher.Nexus -- Adding job generator
2012-11-25 23:00:07,000 -- INFO  -- main      -- org.sweble.wikitext.articlecruncher.Nexus -- Adding processing node
2012-11-25 23:00:07,000 -- INFO  -- org.sweble.wikitext.articlecruncher.Nexus-thread-02 -- ProcessingNode -- ProcessingNode starting
2012-11-25 23:00:07,001 -- INFO  -- main      -- org.sweble.wikitext.articlecruncher.Nexus -- Adding storer
2012-11-25 23:00:07,001 -- INFO  -- main      -- org.sweble.wikitext.articlecruncher.Nexus -- Nexus starting workers
2012-11-25 23:00:07,001 -- INFO  -- org.sweble.wikitext.articlecruncher.Nexus-thread-03 -- Storer -- Storer starting
2012-11-25 23:00:07,002 -- INFO  -- main      -- org.sweble.wikitext.articlecruncher.Nexus -- Nexus waiting for end of input stream
2012-11-25 23:00:07,002 -- INFO  -- org.sweble.wikitext.articlecruncher.Nexus-thread-04 -- Gatherer -- Gatherer starting
2012-11-25 23:00:07,002 -- INFO  -- org.sweble.wikitext.articlecruncher.Nexus-thread-01 -- JobGenerator -- JobGenerator starting
2012-11-25 23:00:10,203 -- INFO  -- org.sweble.wikitext.articlecruncher.Nexus-thread-01 -- JobGenerator -- JobGenerator stopped
2012-11-25 23:00:10,203 -- INFO  -- main      -- org.sweble.wikitext.articlecruncher.Nexus -- Nexus waiting for processing to finish
2012-11-25 23:00:10,203 -- INFO  -- main      -- org.sweble.wikitext.articlecruncher.Nexus -- Nexus shutting down
2012-11-25 23:00:10,203 -- INFO  -- main      -- org.sweble.wikitext.articlecruncher.Nexus -- Stopping workers
2012-11-25 23:00:10,203 -- INFO  -- main      -- ProcessingNode -- Sending stop signal to worker ProcessingNode
2012-11-25 23:00:10,203 -- INFO  -- main      -- Gatherer -- Sending stop signal to worker Gatherer
2012-11-25 23:00:10,203 -- INFO  -- org.sweble.wikitext.articlecruncher.Nexus-thread-02 -- ProcessingNode -- ProcessingNode stopped
2012-11-25 23:00:10,204 -- INFO  -- org.sweble.wikitext.articlecruncher.Nexus-thread-04 -- Gatherer -- Gatherer counts 1048576 items
2012-11-25 23:00:10,203 -- INFO  -- main      -- Storer -- Sending stop signal to worker Storer
2012-11-25 23:00:10,204 -- INFO  -- org.sweble.wikitext.articlecruncher.Nexus-thread-04 -- Gatherer -- Gatherer stopped
2012-11-25 23:00:10,204 -- INFO  -- org.sweble.wikitext.articlecruncher.Nexus-thread-03 -- Storer -- Storer stopped
2012-11-25 23:00:10,204 -- INFO  -- main      -- org.sweble.wikitext.articlecruncher.Nexus -- Shutting down workers
2012-11-25 23:00:10,204 -- INFO  -- main      -- org.sweble.wikitext.articlecruncher.Nexus -- Waiting for workers to terminate
2012-11-25 23:00:10,205 -- INFO  -- main      -- org.sweble.wikitext.articlecruncher.Nexus -- Nexus stopped
2012-11-25 23:00:10,205 -- INFO  -- main      -- org.sweble.wikitext.articlecruncher.Nexus -- Nexus starting
2012-11-25 23:00:10,206 -- INFO  -- main      -- org.sweble.wikitext.articlecruncher.Nexus -- Adding job generator
2012-11-25 23:00:10,206 -- INFO  -- main      -- org.sweble.wikitext.articlecruncher.Nexus -- Adding processing node
2012-11-25 23:00:10,206 -- INFO  -- main      -- org.sweble.wikitext.articlecruncher.Nexus -- Adding storer
2012-11-25 23:00:10,206 -- INFO  -- org.sweble.wikitext.articlecruncher.Nexus-thread-02 -- ProcessingNode -- ProcessingNode starting
2012-11-25 23:00:10,207 -- INFO  -- main      -- org.sweble.wikitext.articlecruncher.Nexus -- Nexus starting workers
2012-11-25 23:00:10,207 -- INFO  -- org.sweble.wikitext.articlecruncher.Nexus-thread-03 -- Storer -- Storer starting
2012-11-25 23:00:10,207 -- INFO  -- main      -- org.sweble.wikitext.articlecruncher.Nexus -- Nexus waiting for end of input stream
2012-11-25 23:00:10,207 -- INFO  -- org.sweble.wikitext.articlecruncher.Nexus-thread-04 -- Gatherer -- Gatherer starting
2012-11-25 23:00:10,207 -- INFO  -- org.sweble.wikitext.articlecruncher.Nexus-thread-01 -- JobGenerator -- JobGenerator starting
2012-11-25 23:00:10,796 -- ERROR -- org.sweble.wikitext.articlecruncher.Nexus-thread-02 -- ProcessingNode -- ProcessingNode terminated by exception
java.lang.RuntimeException: Die!
	at CruncherTest$1$1.work(CruncherTest.java:120)
	at org.sweble.wikitext.articlecruncher.utils.WorkerBase$WorkerRunnable.run(WorkerBase.java:220)
	at java.util.concurrent.Executors$RunnableAdapter.call(Executors.java:471)
	at java.util.concurrent.FutureTask$Sync.innerRun(FutureTask.java:334)
	at java.util.concurrent.FutureTask.run(FutureTask.java:166)
	at java.util.concurrent.ThreadPoolExecutor.runWorker(ThreadPoolExecutor.java:1110)
	at java.util.concurrent.ThreadPoolExecutor$Worker.run(ThreadPoolExecutor.java:603)
	at java.lang.Thread.run(Thread.java:722)
2012-11-25 23:00:10,797 -- INFO  -- org.sweble.wikitext.articlecruncher.Nexus-thread-02 -- org.sweble.wikitext.articlecruncher.Nexus -- Nexus performing emergency shutdown
2012-11-25 23:00:10,798 -- INFO  -- org.sweble.wikitext.articlecruncher.Nexus-thread-02 -- ProcessingNode -- ProcessingNode stopped
2012-11-25 23:00:10,798 -- INFO  -- main      -- org.sweble.wikitext.articlecruncher.Nexus -- Nexus shutting down
2012-11-25 23:00:10,798 -- INFO  -- main      -- org.sweble.wikitext.articlecruncher.Nexus -- Stopping workers
2012-11-25 23:00:10,798 -- INFO  -- main      -- JobGenerator -- Sending stop signal to worker JobGenerator
2012-11-25 23:00:10,798 -- INFO  -- main      -- Gatherer -- Sending stop signal to worker Gatherer
2012-11-25 23:00:10,798 -- INFO  -- org.sweble.wikitext.articlecruncher.Nexus-thread-01 -- JobGenerator -- JobGenerator stopped
2012-11-25 23:00:10,798 -- INFO  -- org.sweble.wikitext.articlecruncher.Nexus-thread-04 -- Gatherer -- Gatherer counts 786419 items
2012-11-25 23:00:10,798 -- INFO  -- main      -- Storer -- Sending stop signal to worker Storer
2012-11-25 23:00:10,798 -- INFO  -- main      -- org.sweble.wikitext.articlecruncher.Nexus -- Shutting down workers
2012-11-25 23:00:10,798 -- INFO  -- org.sweble.wikitext.articlecruncher.Nexus-thread-04 -- Gatherer -- Gatherer stopped
2012-11-25 23:00:10,799 -- INFO  -- main      -- org.sweble.wikitext.articlecruncher.Nexus -- Waiting for workers to terminate
2012-11-25 23:00:10,798 -- INFO  -- org.sweble.wikitext.articlecruncher.Nexus-thread-03 -- Storer -- Storer stopped
2012-11-25 23:00:10,799 -- INFO  -- main      -- org.sweble.wikitext.articlecruncher.Nexus -- Nexus stopped
2012-11-25 23:00:10,800 -- INFO  -- main      -- org.sweble.wikitext.articlecruncher.Nexus -- Nexus starting
2012-11-25 23:00:10,800 -- INFO  -- main      -- org.sweble.wikitext.articlecruncher.Nexus -- Adding job generator
2012-11-25 23:00:10,802 -- INFO  -- main      -- org.sweble.wikitext.articlecruncher.Nexus -- Adding processing node
2012-11-25 23:00:10,803 -- INFO  -- main      -- org.sweble.wikitext.articlecruncher.Nexus -- Adding storer
2012-11-25 23:00:10,803 -- INFO  -- org.sweble.wikitext.articlecruncher.Nexus-thread-02 -- LocalProcessingNode -- LocalProcessingNode starting
2012-11-25 23:00:10,803 -- INFO  -- main      -- org.sweble.wikitext.articlecruncher.Nexus -- Nexus starting workers
2012-11-25 23:00:10,803 -- INFO  -- org.sweble.wikitext.articlecruncher.Nexus-thread-03 -- Storer -- Storer starting
2012-11-25 23:00:10,804 -- INFO  -- main      -- org.sweble.wikitext.articlecruncher.Nexus -- Nexus waiting for end of input stream
2012-11-25 23:00:10,804 -- INFO  -- org.sweble.wikitext.articlecruncher.Nexus-thread-04 -- Gatherer -- Gatherer starting
2012-11-25 23:00:10,804 -- INFO  -- org.sweble.wikitext.articlecruncher.Nexus-thread-01 -- JobGenerator -- JobGenerator starting
2012-11-25 23:00:10,805 -- INFO  -- org.sweble.wikitext.articlecruncher.Nexus-thread-02 -- LpnDistributor -- LpnDistributor starts with a pool of 256 workers
2012-11-25 23:00:10,808 -- INFO  -- LocalProcessingNode-thread-01 -- LpnDistributor -- LpnDistributor starting
2012-11-25 23:00:10,808 -- INFO  -- LocalProcessingNode-thread-02 -- LpnGatherer -- LpnGatherer starting
2012-11-25 23:00:13,844 -- INFO  -- org.sweble.wikitext.articlecruncher.Nexus-thread-01 -- JobGenerator -- JobGenerator stopped
2012-11-25 23:00:13,844 -- INFO  -- main      -- org.sweble.wikitext.articlecruncher.Nexus -- Nexus waiting for processing to finish
2012-11-25 23:00:13,844 -- INFO  -- main      -- org.sweble.wikitext.articlecruncher.Nexus -- Nexus shutting down
2012-11-25 23:00:13,844 -- INFO  -- main      -- org.sweble.wikitext.articlecruncher.Nexus -- Stopping workers
2012-11-25 23:00:13,844 -- INFO  -- main      -- LocalProcessingNode -- Sending stop signal to worker LocalProcessingNode
2012-11-25 23:00:13,844 -- INFO  -- main      -- Gatherer -- Sending stop signal to worker Gatherer
2012-11-25 23:00:13,844 -- INFO  -- org.sweble.wikitext.articlecruncher.Nexus-thread-02 -- LocalProcessingNode -- Sending kill signal to workers
2012-11-25 23:00:13,844 -- INFO  -- org.sweble.wikitext.articlecruncher.Nexus-thread-04 -- Gatherer -- Gatherer counts 1048576 items
2012-11-25 23:00:13,844 -- INFO  -- main      -- Storer -- Sending stop signal to worker Storer
2012-11-25 23:00:13,845 -- INFO  -- org.sweble.wikitext.articlecruncher.Nexus-thread-04 -- Gatherer -- Gatherer stopped
2012-11-25 23:00:13,845 -- INFO  -- org.sweble.wikitext.articlecruncher.Nexus-thread-03 -- Storer -- Storer stopped
2012-11-25 23:00:13,845 -- INFO  -- org.sweble.wikitext.articlecruncher.Nexus-thread-02 -- LpnDistributor -- Sending stop signal to worker LpnDistributor
2012-11-25 23:00:13,845 -- INFO  -- main      -- org.sweble.wikitext.articlecruncher.Nexus -- Shutting down workers
2012-11-25 23:00:13,845 -- INFO  -- LocalProcessingNode-thread-01 -- LpnDistributor -- LpnDistributor counts 1048576 items
2012-11-25 23:00:13,845 -- INFO  -- LocalProcessingNode-thread-01 -- LpnDistributor -- LpnDistributor stopped
2012-11-25 23:00:13,845 -- INFO  -- org.sweble.wikitext.articlecruncher.Nexus-thread-02 -- LpnGatherer -- Sending stop signal to worker LpnGatherer
2012-11-25 23:00:13,845 -- INFO  -- main      -- org.sweble.wikitext.articlecruncher.Nexus -- Waiting for workers to terminate
2012-11-25 23:00:13,846 -- INFO  -- LocalProcessingNode-thread-02 -- LpnGatherer -- LpnGatherer counts 1048576 items
2012-11-25 23:00:13,846 -- INFO  -- org.sweble.wikitext.articlecruncher.Nexus-thread-02 -- LocalProcessingNode -- Shutting down workers
2012-11-25 23:00:13,846 -- INFO  -- LocalProcessingNode-thread-02 -- LpnGatherer -- LpnGatherer counts 0 items for which processing failed
2012-11-25 23:00:13,846 -- INFO  -- org.sweble.wikitext.articlecruncher.Nexus-thread-02 -- LocalProcessingNode -- Waiting for workers to terminate
2012-11-25 23:00:13,846 -- INFO  -- LocalProcessingNode-thread-02 -- LpnGatherer -- LpnGatherer counts 1048576 items which were successfully processed
2012-11-25 23:00:13,846 -- INFO  -- LocalProcessingNode-thread-02 -- LpnGatherer -- LpnGatherer stopped
2012-11-25 23:00:13,847 -- INFO  -- org.sweble.wikitext.articlecruncher.Nexus-thread-02 -- LocalProcessingNode -- LocalProcessingNode stopped
2012-11-25 23:00:13,847 -- INFO  -- main      -- org.sweble.wikitext.articlecruncher.Nexus -- Nexus stopped
